[35m[1mConsolidate compiler generated dependencies of target operator_node[0m
[ 50%] [32mBuilding CXX object CMakeFiles/operator_node.dir/src/operator.cpp.o[0m
[01m[K/home/lichaoyue/Desktop/tasktown_ws/src/village_operator/src/operator.cpp:485:10:[m[K [01;31m[Kerror: [m[Kâ€˜[01m[Kvoid TaskAssignServer::removeCompletedTaskFromGlobalSequence(std::vector<int>::const_iterator, std::vector<int>::const_iterator)[m[Kâ€™ cannot be overloaded with â€˜[01m[Kvoid TaskAssignServer::removeCompletedTaskFromGlobalSequence(std::vector<int>::const_iterator, std::vector<int>::const_iterator)[m[Kâ€™
  485 |     void [01;31m[KremoveCompletedTaskFromGlobalSequence[m[K(std::vector<int32_t>::const_iterator start, std::vector<int32_t>::const_iterator end)
      |          [01;31m[K^~~~~~~~~~~~~~~~~~~~~~~~~~~~~~~~~~~~~[m[K
[01m[K/home/lichaoyue/Desktop/tasktown_ws/src/village_operator/src/operator.cpp:330:10:[m[K [01;36m[Knote: [m[Kprevious declaration â€˜[01m[Kvoid TaskAssignServer::removeCompletedTaskFromGlobalSequence(std::vector<int>::const_iterator, std::vector<int>::const_iterator)[m[Kâ€™
  330 |     void [01;36m[KremoveCompletedTaskFromGlobalSequence[m[K(std::vector<int32_t>::const_iterator start, std::vector<int32_t>::const_iterator end)
      |          [01;36m[K^~~~~~~~~~~~~~~~~~~~~~~~~~~~~~~~~~~~~[m[K
[01m[K/home/lichaoyue/Desktop/tasktown_ws/src/village_operator/src/operator.cpp:[m[K In member function â€˜[01m[Kvoid TaskAssignServer::assignTasks(const std::vector<int>&, std::shared_ptr<village_interfaces::srv::TaskAssign_Response_<std::allocator<void> > >)[m[Kâ€™:
[01m[K/home/lichaoyue/Desktop/tasktown_ws/src/village_operator/src/operator.cpp:392:37:[m[K [01;35m[Kwarning: [m[Kunused variable â€˜[01m[Ktask_time[m[Kâ€™ [[01;35m[K]8;;https://gcc.gnu.org/onlinedocs/gcc/Warning-Options.html#index-Wunused-variable-Wunused-variable]8;;[m[K]
  392 |                                 int [01;35m[Ktask_time[m[K = task_pair.first[2];
      |                                     [01;35m[K^~~~~~~~~[m[K
gmake[2]: *** [CMakeFiles/operator_node.dir/build.make:76: CMakeFiles/operator_node.dir/src/operator.cpp.o] Error 1
gmake[1]: *** [CMakeFiles/Makefile2:137: CMakeFiles/operator_node.dir/all] Error 2
gmake: *** [Makefile:146: all] Error 2
