[0.031s] Invoking command in '/home/lichaoyue/Desktop/tasktown_ws/build/village_interfaces': CMAKE_PREFIX_PATH=/opt/ros/humble /usr/bin/cmake --build /home/lichaoyue/Desktop/tasktown_ws/build/village_interfaces -- -j12 -l12
[0.091s] -- Found ament_cmake: 1.3.8 (/opt/ros/humble/share/ament_cmake/cmake)
[0.465s] -- Found sensor_msgs: 4.2.3 (/opt/ros/humble/share/sensor_msgs/cmake)
[0.543s] -- Found rosidl_generator_c: 3.1.5 (/opt/ros/humble/share/rosidl_generator_c/cmake)
[0.552s] -- Found rosidl_adapter: 3.1.5 (/opt/ros/humble/share/rosidl_adapter/cmake)
[0.570s] -- Found rosidl_generator_cpp: 3.1.5 (/opt/ros/humble/share/rosidl_generator_cpp/cmake)
[0.605s] -- Using all available rosidl_typesupport_c: rosidl_typesupport_fastrtps_c;rosidl_typesupport_introspection_c
[0.660s] -- Using all available rosidl_typesupport_cpp: rosidl_typesupport_fastrtps_cpp;rosidl_typesupport_introspection_cpp
[1.311s] -- Found rosidl_default_generators: 1.2.0 (/opt/ros/humble/share/rosidl_default_generators/cmake)
[1.328s] -- Found ament_lint_auto: 0.12.10 (/opt/ros/humble/share/ament_lint_auto/cmake)
[2.104s] [31mCMake Error at /opt/ros/humble/share/rosidl_adapter/cmake/rosidl_adapt_interfaces.cmake:59 (message):
[2.104s]   execute_process(/usr/bin/python3 -m rosidl_adapter --package-name
[2.106s]   village_interfaces --arguments-file
[2.106s]   /home/lichaoyue/Desktop/tasktown_ws/build/village_interfaces/rosidl_adapter__arguments__village_interfaces.json
[2.106s]   --output-dir
[2.106s]   /home/lichaoyue/Desktop/tasktown_ws/build/village_interfaces/rosidl_adapter/village_interfaces
[2.107s]   --output-file
[2.107s]   /home/lichaoyue/Desktop/tasktown_ws/build/village_interfaces/rosidl_adapter/village_interfaces.idls)
[2.107s]   returned error code 1:
[2.107s] 
[2.107s]   Error processing 'uint32[][] response' of
[2.108s]   'village_interfaces/TaskAssign_Response': ''uint32[]' is an invalid message
[2.108s]   name.  It should have the pattern '^[A-Z][A-Za-z0-9]*$''
[2.108s] 
[2.108s]   Traceback (most recent call last):
[2.108s] 
[2.109s]     File "/usr/lib/python3.10/runpy.py", line 196, in _run_module_as_main
[2.109s]       return _run_code(code, main_globals, None,
[2.109s]     File "/usr/lib/python3.10/runpy.py", line 86, in _run_code
[2.109s]       exec(code, run_globals)
[2.109s]     File "/opt/ros/humble/local/lib/python3.10/dist-packages/rosidl_adapter/__main__.py", line 19, in <module>
[2.109s]       sys.exit(main())
[2.109s]     File "/opt/ros/humble/local/lib/python3.10/dist-packages/rosidl_adapter/main.py", line 53, in main
[2.110s]       abs_idl_file = convert_to_idl(
[2.110s]     File "/opt/ros/humble/local/lib/python3.10/dist-packages/rosidl_adapter/__init__.py", line 24, in convert_to_idl
[2.110s]       return convert_srv_to_idl(
[2.110s]     File "/opt/ros/humble/local/lib/python3.10/dist-packages/rosidl_adapter/srv/__init__.py", line 28, in convert_srv_to_idl
[2.110s]       srv = parse_service_string(package_name, input_file.stem, content)
[2.110s]     File "/opt/ros/humble/local/lib/python3.10/dist-packages/rosidl_adapter/parser.py", line 863, in parse_service_string
[2.111s]       response_message = parse_message_string(
[2.111s]     File "/opt/ros/humble/local/lib/python3.10/dist-packages/rosidl_adapter/parser.py", line 520, in parse_message_string
[2.111s]       Type(type_string, context_package_name=pkg_name),
[2.111s]     File "/opt/ros/humble/local/lib/python3.10/dist-packages/rosidl_adapter/parser.py", line 277, in __init__
[2.111s]       super(Type, self).__init__(
[2.111s]     File "/opt/ros/humble/local/lib/python3.10/dist-packages/rosidl_adapter/parser.py", line 205, in __init__
[2.112s]       raise InvalidResourceName(
[2.112s] 
[2.112s]   rosidl_adapter.parser.InvalidResourceName: 'uint32[]' is an invalid message
[2.112s]   name.  It should have the pattern '^[A-Z][A-Za-z0-9]*$'
[2.112s] 
[2.112s] Call Stack (most recent call first):
[2.113s]   /opt/ros/humble/share/rosidl_cmake/cmake/rosidl_generate_interfaces.cmake:130 (rosidl_adapt_interfaces)
[2.113s]   CMakeLists.txt:29 (rosidl_generate_interfaces)
[2.113s] 
[2.113s] [0m
[2.114s] -- Configuring incomplete, errors occurred!
[2.114s] See also "/home/lichaoyue/Desktop/tasktown_ws/build/village_interfaces/CMakeFiles/CMakeOutput.log".
[2.117s] gmake: *** [Makefile:1179: cmake_check_build_system] Error 1
[2.124s] Invoked command in '/home/lichaoyue/Desktop/tasktown_ws/build/village_interfaces' returned '2': CMAKE_PREFIX_PATH=/opt/ros/humble /usr/bin/cmake --build /home/lichaoyue/Desktop/tasktown_ws/build/village_interfaces -- -j12 -l12
