[35m[1mConsolidate compiler generated dependencies of target operator_node[0m
[ 50%] [32mBuilding CXX object CMakeFiles/operator_node.dir/src/operator.cpp.o[0m
[01m[K/home/lichaoyue/Desktop/tasktown_ws/src/village_operator/src/operator.cpp:270:1:[m[K [01;31m[Kerror: [m[Kexpected unqualified-id before â€˜[01m[Kfor[m[Kâ€™
  270 | [01;31m[Kfor[m[K (size_t task_index = 0; task_index < randomTaskArray.size(); ++task_index) {
      | [01;31m[K^~~[m[K
[01m[K/home/lichaoyue/Desktop/tasktown_ws/src/village_operator/src/operator.cpp:270:29:[m[K [01;31m[Kerror: [m[Kâ€˜[01m[Ktask_index[m[Kâ€™ does not name a type
  270 | for (size_t task_index = 0; [01;31m[Ktask_index[m[K < randomTaskArray.size(); ++task_index) {
      |                             [01;31m[K^~~~~~~~~~[m[K
[01m[K/home/lichaoyue/Desktop/tasktown_ws/src/village_operator/src/operator.cpp:270:66:[m[K [01;31m[Kerror: [m[Kexpected unqualified-id before â€˜[01m[K++[m[Kâ€™ token
  270 | for (size_t task_index = 0; task_index < randomTaskArray.size(); [01;31m[K++[m[Ktask_index) {
      |                                                                  [01;31m[K^~[m[K
gmake[2]: *** [CMakeFiles/operator_node.dir/build.make:76: CMakeFiles/operator_node.dir/src/operator.cpp.o] Error 1
gmake[1]: *** [CMakeFiles/Makefile2:137: CMakeFiles/operator_node.dir/all] Error 2
gmake: *** [Makefile:146: all] Error 2
