In file included from [01m[K/usr/include/c++/11/future:39[m[K,
                 from [01m[K/opt/ros/humble/include/rclcpp/rclcpp/executors.hpp:18[m[K,
                 from [01m[K/opt/ros/humble/include/rclcpp/rclcpp/rclcpp.hpp:155[m[K,
                 from [01m[K/home/lichaoyue/Desktop/tasktown_ws/src/village_operator/src/operator.cpp:4[m[K:
/usr/include/c++/11/condition_variable: In instantiation of â€˜[01m[Kvoid std::condition_variable::wait(std::unique_lock<std::mutex>&, _Predicate) [with _Predicate = TaskAssignServer::assignTasks(const std::vector<int>&, std::shared_ptr<village_interfaces::srv::TaskAssign_Response_<std::allocator<void> > >)::<lambda(size_t)>][m[Kâ€™:
[01m[K/home/lichaoyue/Desktop/tasktown_ws/src/village_operator/src/operator.cpp:390:24:[m[K   required from here
[01m[K/usr/include/c++/11/condition_variable:102:20:[m[K [01;31m[Kerror: [m[Kno match for call to â€˜[01m[K(TaskAssignServer::assignTasks(const std::vector<int>&, std::shared_ptr<village_interfaces::srv::TaskAssign_Response_<std::allocator<void> > >)::<lambda(size_t)>) ()[m[Kâ€™
  102 |         while (![01;31m[K__p()[m[K)
      |                 [01;31m[K~~~^~[m[K
[01m[K/home/lichaoyue/Desktop/tasktown_ws/src/village_operator/src/operator.cpp:390:31:[m[K [01;36m[Knote: [m[Kcandidate: â€˜[01m[KTaskAssignServer::assignTasks(const std::vector<int>&, std::shared_ptr<village_interfaces::srv::TaskAssign_Response_<std::allocator<void> > >)::<lambda(size_t)>[m[Kâ€™
  390 |                 cv.wait(lock, [01;36m[K[[m[Kthis, &task_sequence, task_index](size_t operator_index) {
      |                               [01;36m[K^[m[K
[01m[K/home/lichaoyue/Desktop/tasktown_ws/src/village_operator/src/operator.cpp:390:31:[m[K [01;36m[Knote: [m[K  candidate expects 1 argument, 0 provided
gmake[2]: *** [CMakeFiles/operator_node.dir/build.make:76: CMakeFiles/operator_node.dir/src/operator.cpp.o] Error 1
gmake[1]: *** [CMakeFiles/Makefile2:137: CMakeFiles/operator_node.dir/all] Error 2
gmake: *** [Makefile:146: all] Error 2
