[0.038s] Invoking command in '/home/lichaoyue/Desktop/tasktown_ws/build/village_interfaces': CMAKE_PREFIX_PATH=${CMAKE_PREFIX_PATH}:/opt/ros/humble /usr/bin/cmake --build /home/lichaoyue/Desktop/tasktown_ws/build/village_interfaces -- -j12 -l12
[0.106s] -- Found ament_cmake: 1.3.8 (/opt/ros/humble/share/ament_cmake/cmake)
[0.444s] -- Found sensor_msgs: 4.2.3 (/opt/ros/humble/share/sensor_msgs/cmake)
[0.521s] -- Found rosidl_generator_c: 3.1.5 (/opt/ros/humble/share/rosidl_generator_c/cmake)
[0.528s] -- Found rosidl_adapter: 3.1.5 (/opt/ros/humble/share/rosidl_adapter/cmake)
[0.542s] -- Found rosidl_generator_cpp: 3.1.5 (/opt/ros/humble/share/rosidl_generator_cpp/cmake)
[0.569s] -- Using all available rosidl_typesupport_c: rosidl_typesupport_fastrtps_c;rosidl_typesupport_introspection_c
[0.611s] -- Using all available rosidl_typesupport_cpp: rosidl_typesupport_fastrtps_cpp;rosidl_typesupport_introspection_cpp
[1.146s] -- Found rosidl_default_generators: 1.2.0 (/opt/ros/humble/share/rosidl_default_generators/cmake)
[1.165s] -- Found ament_lint_auto: 0.12.10 (/opt/ros/humble/share/ament_lint_auto/cmake)
[1.869s] [31mCMake Error at /opt/ros/humble/share/rosidl_adapter/cmake/rosidl_adapt_interfaces.cmake:59 (message):
[1.869s]   execute_process(/usr/bin/python3 -m rosidl_adapter --package-name
[1.870s]   village_interfaces --arguments-file
[1.870s]   /home/lichaoyue/Desktop/tasktown_ws/build/village_interfaces/rosidl_adapter__arguments__village_interfaces.json
[1.870s]   --output-dir
[1.870s]   /home/lichaoyue/Desktop/tasktown_ws/build/village_interfaces/rosidl_adapter/village_interfaces
[1.870s]   --output-file
[1.870s]   /home/lichaoyue/Desktop/tasktown_ws/build/village_interfaces/rosidl_adapter/village_interfaces.idls)
[1.870s]   returned error code 1:
[1.870s] 
[1.870s]   Error processing 'int32[][] response' of
[1.870s]   'village_interfaces/TaskAssign_Response': ''int32[]' is an invalid message
[1.871s]   name.  It should have the pattern '^[A-Z][A-Za-z0-9]*$''
[1.871s] 
[1.872s]   Traceback (most recent call last):
[1.872s] 
[1.872s]     File "/usr/lib/python3.10/runpy.py", line 196, in _run_module_as_main
[1.872s]       return _run_code(code, main_globals, None,
[1.872s]     File "/usr/lib/python3.10/runpy.py", line 86, in _run_code
[1.872s]       exec(code, run_globals)
[1.873s]     File "/opt/ros/humble/local/lib/python3.10/dist-packages/rosidl_adapter/__main__.py", line 19, in <module>
[1.873s]       sys.exit(main())
[1.873s]     File "/opt/ros/humble/local/lib/python3.10/dist-packages/rosidl_adapter/main.py", line 53, in main
[1.873s]       abs_idl_file = convert_to_idl(
[1.873s]     File "/opt/ros/humble/local/lib/python3.10/dist-packages/rosidl_adapter/__init__.py", line 24, in convert_to_idl
[1.873s]       return convert_srv_to_idl(
[1.874s]     File "/opt/ros/humble/local/lib/python3.10/dist-packages/rosidl_adapter/srv/__init__.py", line 28, in convert_srv_to_idl
[1.874s]       srv = parse_service_string(package_name, input_file.stem, content)
[1.874s]     File "/opt/ros/humble/local/lib/python3.10/dist-packages/rosidl_adapter/parser.py", line 863, in parse_service_string
[1.874s]       response_message = parse_message_string(
[1.874s]     File "/opt/ros/humble/local/lib/python3.10/dist-packages/rosidl_adapter/parser.py", line 520, in parse_message_string
[1.874s]       Type(type_string, context_package_name=pkg_name),
[1.875s]     File "/opt/ros/humble/local/lib/python3.10/dist-packages/rosidl_adapter/parser.py", line 277, in __init__
[1.875s]       super(Type, self).__init__(
[1.875s]     File "/opt/ros/humble/local/lib/python3.10/dist-packages/rosidl_adapter/parser.py", line 205, in __init__
[1.875s]       raise InvalidResourceName(
[1.875s] 
[1.876s]   rosidl_adapter.parser.InvalidResourceName: 'int32[]' is an invalid message
[1.876s]   name.  It should have the pattern '^[A-Z][A-Za-z0-9]*$'
[1.876s] 
[1.876s] Call Stack (most recent call first):
[1.876s]   /opt/ros/humble/share/rosidl_cmake/cmake/rosidl_generate_interfaces.cmake:130 (rosidl_adapt_interfaces)
[1.876s]   CMakeLists.txt:29 (rosidl_generate_interfaces)
[1.877s] 
[1.877s] [0m
[1.877s] -- Configuring incomplete, errors occurred!
[1.877s] See also "/home/lichaoyue/Desktop/tasktown_ws/build/village_interfaces/CMakeFiles/CMakeOutput.log".
[1.884s] gmake: *** [Makefile:1179: cmake_check_build_system] Error 1
[1.894s] Invoked command in '/home/lichaoyue/Desktop/tasktown_ws/build/village_interfaces' returned '2': CMAKE_PREFIX_PATH=${CMAKE_PREFIX_PATH}:/opt/ros/humble /usr/bin/cmake --build /home/lichaoyue/Desktop/tasktown_ws/build/village_interfaces -- -j12 -l12
