[0.023s] Invoking command in '/home/lichaoyue/Desktop/tasktown_ws/build/village_interfaces': CMAKE_PREFIX_PATH=/opt/ros/humble /usr/bin/cmake --build /home/lichaoyue/Desktop/tasktown_ws/build/village_interfaces -- -j12 -l12
[0.080s] -- Found ament_cmake: 1.3.8 (/opt/ros/humble/share/ament_cmake/cmake)
[0.399s] -- Found sensor_msgs: 4.2.3 (/opt/ros/humble/share/sensor_msgs/cmake)
[0.463s] -- Found rosidl_generator_c: 3.1.5 (/opt/ros/humble/share/rosidl_generator_c/cmake)
[0.470s] -- Found rosidl_adapter: 3.1.5 (/opt/ros/humble/share/rosidl_adapter/cmake)
[0.486s] -- Found rosidl_generator_cpp: 3.1.5 (/opt/ros/humble/share/rosidl_generator_cpp/cmake)
[0.517s] -- Using all available rosidl_typesupport_c: rosidl_typesupport_fastrtps_c;rosidl_typesupport_introspection_c
[0.558s] -- Using all available rosidl_typesupport_cpp: rosidl_typesupport_fastrtps_cpp;rosidl_typesupport_introspection_cpp
[1.135s] -- Found rosidl_default_generators: 1.2.0 (/opt/ros/humble/share/rosidl_default_generators/cmake)
[1.155s] -- Found ament_lint_auto: 0.12.10 (/opt/ros/humble/share/ament_lint_auto/cmake)
[1.805s] [31mCMake Error at /opt/ros/humble/share/rosidl_adapter/cmake/rosidl_adapt_interfaces.cmake:59 (message):
[1.806s]   execute_process(/usr/bin/python3 -m rosidl_adapter --package-name
[1.806s]   village_interfaces --arguments-file
[1.806s]   /home/lichaoyue/Desktop/tasktown_ws/build/village_interfaces/rosidl_adapter__arguments__village_interfaces.json
[1.807s]   --output-dir
[1.807s]   /home/lichaoyue/Desktop/tasktown_ws/build/village_interfaces/rosidl_adapter/village_interfaces
[1.807s]   --output-file
[1.807s]   /home/lichaoyue/Desktop/tasktown_ws/build/village_interfaces/rosidl_adapter/village_interfaces.idls)
[1.808s]   returned error code 1:
[1.808s] 
[1.808s]   Error processing 'string[] Tasks' of
[1.808s]   'village_interfaces/TaskAssign_Response': ''Tasks' is an invalid field
[1.808s]   name.  It should have the pattern '^(?!.*__)(?!.*_$)[a-z][a-z0-9_]*$''
[1.809s] 
[1.809s]   Traceback (most recent call last):
[1.809s] 
[1.809s]     File "/usr/lib/python3.10/runpy.py", line 196, in _run_module_as_main
[1.809s]       return _run_code(code, main_globals, None,
[1.809s]     File "/usr/lib/python3.10/runpy.py", line 86, in _run_code
[1.810s]       exec(code, run_globals)
[1.810s]     File "/opt/ros/humble/local/lib/python3.10/dist-packages/rosidl_adapter/__main__.py", line 19, in <module>
[1.810s]       sys.exit(main())
[1.810s]     File "/opt/ros/humble/local/lib/python3.10/dist-packages/rosidl_adapter/main.py", line 53, in main
[1.810s]       abs_idl_file = convert_to_idl(
[1.810s]     File "/opt/ros/humble/local/lib/python3.10/dist-packages/rosidl_adapter/__init__.py", line 24, in convert_to_idl
[1.811s]       return convert_srv_to_idl(
[1.811s]     File "/opt/ros/humble/local/lib/python3.10/dist-packages/rosidl_adapter/srv/__init__.py", line 28, in convert_srv_to_idl
[1.811s]       srv = parse_service_string(package_name, input_file.stem, content)
[1.811s]     File "/opt/ros/humble/local/lib/python3.10/dist-packages/rosidl_adapter/parser.py", line 863, in parse_service_string
[1.811s]       response_message = parse_message_string(
[1.812s]     File "/opt/ros/humble/local/lib/python3.10/dist-packages/rosidl_adapter/parser.py", line 519, in parse_message_string
[1.812s]       fields.append(Field(
[1.812s]     File "/opt/ros/humble/local/lib/python3.10/dist-packages/rosidl_adapter/parser.py", line 354, in __init__
[1.812s]       raise NameError(
[1.813s] 
[1.813s]   NameError: 'Tasks' is an invalid field name.  It should have the pattern
[1.813s]   '^(?!.*__)(?!.*_$)[a-z][a-z0-9_]*$'
[1.814s] 
[1.814s] Call Stack (most recent call first):
[1.814s]   /opt/ros/humble/share/rosidl_cmake/cmake/rosidl_generate_interfaces.cmake:130 (rosidl_adapt_interfaces)
[1.814s]   CMakeLists.txt:29 (rosidl_generate_interfaces)
[1.814s] 
[1.815s] [0m
[1.815s] -- Configuring incomplete, errors occurred!
[1.815s] See also "/home/lichaoyue/Desktop/tasktown_ws/build/village_interfaces/CMakeFiles/CMakeOutput.log".
[1.816s] gmake: *** [Makefile:963: cmake_check_build_system] Error 1
[1.824s] Invoked command in '/home/lichaoyue/Desktop/tasktown_ws/build/village_interfaces' returned '2': CMAKE_PREFIX_PATH=/opt/ros/humble /usr/bin/cmake --build /home/lichaoyue/Desktop/tasktown_ws/build/village_interfaces -- -j12 -l12
