[0.027s] Invoking command in '/home/lichaoyue/Desktop/tasktown_ws/build/village_interfaces': CMAKE_PREFIX_PATH=/opt/ros/humble /usr/bin/cmake --build /home/lichaoyue/Desktop/tasktown_ws/build/village_interfaces -- -j12 -l12
[0.095s] -- Found ament_cmake: 1.3.8 (/opt/ros/humble/share/ament_cmake/cmake)
[0.494s] -- Found sensor_msgs: 4.2.3 (/opt/ros/humble/share/sensor_msgs/cmake)
[0.577s] -- Found rosidl_generator_c: 3.1.5 (/opt/ros/humble/share/rosidl_generator_c/cmake)
[0.582s] -- Found rosidl_adapter: 3.1.5 (/opt/ros/humble/share/rosidl_adapter/cmake)
[0.600s] -- Found rosidl_generator_cpp: 3.1.5 (/opt/ros/humble/share/rosidl_generator_cpp/cmake)
[0.637s] -- Using all available rosidl_typesupport_c: rosidl_typesupport_fastrtps_c;rosidl_typesupport_introspection_c
[0.684s] -- Using all available rosidl_typesupport_cpp: rosidl_typesupport_fastrtps_cpp;rosidl_typesupport_introspection_cpp
[1.322s] -- Found rosidl_default_generators: 1.2.0 (/opt/ros/humble/share/rosidl_default_generators/cmake)
[1.344s] -- Found ament_lint_auto: 0.12.10 (/opt/ros/humble/share/ament_lint_auto/cmake)
[2.004s] [31mCMake Error at /opt/ros/humble/share/rosidl_adapter/cmake/rosidl_adapt_interfaces.cmake:59 (message):
[2.004s]   execute_process(/usr/bin/python3 -m rosidl_adapter --package-name
[2.004s]   village_interfaces --arguments-file
[2.005s]   /home/lichaoyue/Desktop/tasktown_ws/build/village_interfaces/rosidl_adapter__arguments__village_interfaces.json
[2.005s]   --output-dir
[2.007s]   /home/lichaoyue/Desktop/tasktown_ws/build/village_interfaces/rosidl_adapter/village_interfaces
[2.007s]   --output-file
[2.007s]   /home/lichaoyue/Desktop/tasktown_ws/build/village_interfaces/rosidl_adapter/village_interfaces.idls)
[2.007s]   returned error code 1:
[2.007s] 
[2.007s]   Error processing 'string[] Tasks' of
[2.007s]   'village_interfaces/TaskAssign_Response': ''Tasks' is an invalid field
[2.007s]   name.  It should have the pattern '^(?!.*__)(?!.*_$)[a-z][a-z0-9_]*$''
[2.007s] 
[2.007s]   Traceback (most recent call last):
[2.008s] 
[2.008s]     File "/usr/lib/python3.10/runpy.py", line 196, in _run_module_as_main
[2.008s]       return _run_code(code, main_globals, None,
[2.008s]     File "/usr/lib/python3.10/runpy.py", line 86, in _run_code
[2.008s]       exec(code, run_globals)
[2.009s]     File "/opt/ros/humble/local/lib/python3.10/dist-packages/rosidl_adapter/__main__.py", line 19, in <module>
[2.009s]       sys.exit(main())
[2.009s]     File "/opt/ros/humble/local/lib/python3.10/dist-packages/rosidl_adapter/main.py", line 53, in main
[2.009s]       abs_idl_file = convert_to_idl(
[2.009s]     File "/opt/ros/humble/local/lib/python3.10/dist-packages/rosidl_adapter/__init__.py", line 24, in convert_to_idl
[2.009s]       return convert_srv_to_idl(
[2.010s]     File "/opt/ros/humble/local/lib/python3.10/dist-packages/rosidl_adapter/srv/__init__.py", line 28, in convert_srv_to_idl
[2.010s]       srv = parse_service_string(package_name, input_file.stem, content)
[2.010s]     File "/opt/ros/humble/local/lib/python3.10/dist-packages/rosidl_adapter/parser.py", line 863, in parse_service_string
[2.010s]       response_message = parse_message_string(
[2.010s]     File "/opt/ros/humble/local/lib/python3.10/dist-packages/rosidl_adapter/parser.py", line 519, in parse_message_string
[2.010s]       fields.append(Field(
[2.010s]     File "/opt/ros/humble/local/lib/python3.10/dist-packages/rosidl_adapter/parser.py", line 354, in __init__
[2.011s]       raise NameError(
[2.011s] 
[2.011s]   NameError: 'Tasks' is an invalid field name.  It should have the pattern
[2.012s]   '^(?!.*__)(?!.*_$)[a-z][a-z0-9_]*$'
[2.012s] 
[2.012s] Call Stack (most recent call first):
[2.012s]   /opt/ros/humble/share/rosidl_cmake/cmake/rosidl_generate_interfaces.cmake:130 (rosidl_adapt_interfaces)
[2.012s]   CMakeLists.txt:29 (rosidl_generate_interfaces)
[2.013s] 
[2.013s] [0m
[2.013s] -- Configuring incomplete, errors occurred!
[2.013s] See also "/home/lichaoyue/Desktop/tasktown_ws/build/village_interfaces/CMakeFiles/CMakeOutput.log".
[2.018s] gmake: *** [Makefile:963: cmake_check_build_system] Error 1
[2.024s] Invoked command in '/home/lichaoyue/Desktop/tasktown_ws/build/village_interfaces' returned '2': CMAKE_PREFIX_PATH=/opt/ros/humble /usr/bin/cmake --build /home/lichaoyue/Desktop/tasktown_ws/build/village_interfaces -- -j12 -l12
